[2020-11-20 11:42:43.664] [jointLog] [info] setting maxHashResizeThreads to 4
[2020-11-20 11:42:43.664] [jointLog] [info] Fragment incompatibility prior below threshold.  Incompatible fragments will be ignored.
[2020-11-20 11:42:43.664] [jointLog] [info] Usage of --validateMappings implies use of minScoreFraction. Since not explicitly specified, it is being set to 0.65
[2020-11-20 11:42:43.664] [jointLog] [info] Usage of --validateMappings implies a default consensus slack of 0.2. Setting consensusSlack to 0.35.
[2020-11-20 11:42:43.664] [jointLog] [info] parsing read library format
[2020-11-20 11:42:43.664] [jointLog] [info] There is 1 library.
[2020-11-20 11:42:43.816] [jointLog] [info] Loading pufferfish index
[2020-11-20 11:42:43.816] [jointLog] [info] Loading dense pufferfish index.
[2020-11-20 11:42:45.744] [jointLog] [info] done
[2020-11-20 11:42:45.744] [jointLog] [info] Index contained 179,883 targets
[2020-11-20 11:42:45.841] [jointLog] [info] Number of decoys : 0
[2020-11-20 11:42:46.106] [jointLog] [info] Automatically detected most likely library type as IU
[2020-11-20 11:48:05.134] [jointLog] [info] Computed 754,426 rich equivalence classes for further processing
[2020-11-20 11:48:05.134] [jointLog] [info] Counted 27,374,810 total reads in the equivalence classes 
[2020-11-20 11:48:05.146] [jointLog] [info] Number of mappings discarded because of alignment score : 4,699,053
[2020-11-20 11:48:05.146] [jointLog] [info] Number of fragments entirely discarded because of alignment score : 131,310
[2020-11-20 11:48:05.146] [jointLog] [info] Number of fragments discarded because they are best-mapped to decoys : 0
[2020-11-20 11:48:05.146] [jointLog] [info] Number of fragments discarded because they have only dovetail (discordant) mappings to valid targets : 458,051
[2020-11-20 11:48:05.146] [jointLog] [info] Mapping rate = 85.24%

[2020-11-20 11:48:05.146] [jointLog] [info] finished quantifyLibrary()
[2020-11-20 11:48:05.147] [jointLog] [info] Starting optimizer
[2020-11-20 11:48:05.140] [fileLog] [info] 
At end of round 0
==================
Observed 32114983 total fragments (32114983 in most recent round)

[2020-11-20 11:48:22.629] [jointLog] [info] Marked 0 weighted equivalence classes as degenerate
[2020-11-20 11:48:22.688] [jointLog] [info] iteration = 0 | max rel diff. = 6871.27
[2020-11-20 11:48:29.300] [jointLog] [info] iteration = 100 | max rel diff. = 16.178
[2020-11-20 11:48:36.229] [jointLog] [info] iteration = 200 | max rel diff. = 16.3187
[2020-11-20 11:48:42.527] [jointLog] [info] iteration = 300 | max rel diff. = 20.0991
[2020-11-20 11:48:48.631] [jointLog] [info] iteration = 400 | max rel diff. = 9.50775
[2020-11-20 11:48:54.497] [jointLog] [info] iteration = 500 | max rel diff. = 12.5113
[2020-11-20 11:49:00.131] [jointLog] [info] iteration = 600 | max rel diff. = 2.64813
[2020-11-20 11:49:05.855] [jointLog] [info] iteration = 700 | max rel diff. = 1.28389
[2020-11-20 11:49:11.650] [jointLog] [info] iteration = 800 | max rel diff. = 8.53494
[2020-11-20 11:49:18.134] [jointLog] [info] iteration = 900 | max rel diff. = 0.317018
[2020-11-20 11:49:24.315] [jointLog] [info] iteration = 1,000 | max rel diff. = 1.54088
[2020-11-20 11:49:30.293] [jointLog] [info] iteration = 1,100 | max rel diff. = 0.134501
[2020-11-20 11:49:36.317] [jointLog] [info] iteration = 1,200 | max rel diff. = 0.210628
[2020-11-20 11:49:42.484] [jointLog] [info] iteration = 1,300 | max rel diff. = 0.954603
[2020-11-20 11:49:48.735] [jointLog] [info] iteration = 1,400 | max rel diff. = 0.0575222
[2020-11-20 11:49:55.059] [jointLog] [info] iteration = 1,500 | max rel diff. = 0.0512989
[2020-11-20 11:50:01.307] [jointLog] [info] iteration = 1,600 | max rel diff. = 0.806297
[2020-11-20 11:50:07.493] [jointLog] [info] iteration = 1,700 | max rel diff. = 0.0610932
[2020-11-20 11:50:13.810] [jointLog] [info] iteration = 1,800 | max rel diff. = 0.153983
[2020-11-20 11:50:20.094] [jointLog] [info] iteration = 1,900 | max rel diff. = 0.126072
[2020-11-20 11:50:26.311] [jointLog] [info] iteration = 2,000 | max rel diff. = 0.0330881
[2020-11-20 11:50:32.351] [jointLog] [info] iteration = 2,100 | max rel diff. = 0.997733
[2020-11-20 11:50:36.214] [jointLog] [info] iteration = 2,165 | max rel diff. = 0.00409056
[2020-11-20 11:50:36.238] [jointLog] [info] Finished optimizer
[2020-11-20 11:50:36.238] [jointLog] [info] writing output 

[2020-11-20 11:50:36.645] [jointLog] [warning] NOTE: Read Lib [[ data/ERR571497_1.fastq.gz, data/ERR571497_2.fastq.gz]] :

Detected a *potential* strand bias > 1% in an unstranded protocol check the file: quants/ERR571497/lib_format_counts.json for details

