[2020-11-20 11:34:56.711] [jointLog] [info] setting maxHashResizeThreads to 4
[2020-11-20 11:34:56.711] [jointLog] [info] Fragment incompatibility prior below threshold.  Incompatible fragments will be ignored.
[2020-11-20 11:34:56.714] [jointLog] [info] Usage of --validateMappings implies use of minScoreFraction. Since not explicitly specified, it is being set to 0.65
[2020-11-20 11:34:56.714] [jointLog] [info] Usage of --validateMappings implies a default consensus slack of 0.2. Setting consensusSlack to 0.35.
[2020-11-20 11:34:56.714] [jointLog] [info] parsing read library format
[2020-11-20 11:34:56.721] [jointLog] [info] There is 1 library.
[2020-11-20 11:34:56.908] [jointLog] [info] Loading pufferfish index
[2020-11-20 11:34:56.909] [jointLog] [info] Loading dense pufferfish index.
[2020-11-20 11:34:59.038] [jointLog] [info] done
[2020-11-20 11:34:59.039] [jointLog] [info] Index contained 179,883 targets
[2020-11-20 11:34:59.133] [jointLog] [info] Number of decoys : 0
[2020-11-20 11:34:59.404] [jointLog] [info] Automatically detected most likely library type as IU
[2020-11-20 11:40:40.632] [fileLog] [info] 
At end of round 0
==================
Observed 38725874 total fragments (38725874 in most recent round)

[2020-11-20 11:40:40.627] [jointLog] [info] Computed 743,707 rich equivalence classes for further processing
[2020-11-20 11:40:40.627] [jointLog] [info] Counted 34,449,943 total reads in the equivalence classes 
[2020-11-20 11:40:40.635] [jointLog] [info] Number of mappings discarded because of alignment score : 4,565,110
[2020-11-20 11:40:40.635] [jointLog] [info] Number of fragments entirely discarded because of alignment score : 147,406
[2020-11-20 11:40:40.635] [jointLog] [info] Number of fragments discarded because they are best-mapped to decoys : 0
[2020-11-20 11:40:40.635] [jointLog] [info] Number of fragments discarded because they have only dovetail (discordant) mappings to valid targets : 517,832
[2020-11-20 11:40:40.635] [jointLog] [info] Mapping rate = 88.9585%

[2020-11-20 11:40:40.635] [jointLog] [info] finished quantifyLibrary()
[2020-11-20 11:40:40.638] [jointLog] [info] Starting optimizer
[2020-11-20 11:40:40.872] [jointLog] [info] Marked 0 weighted equivalence classes as degenerate
[2020-11-20 11:40:40.932] [jointLog] [info] iteration = 0 | max rel diff. = 5932.03
[2020-11-20 11:40:47.363] [jointLog] [info] iteration = 100 | max rel diff. = 19.792
[2020-11-20 11:40:54.283] [jointLog] [info] iteration = 200 | max rel diff. = 12.5177
[2020-11-20 11:41:02.195] [jointLog] [info] iteration = 300 | max rel diff. = 2.62301
[2020-11-20 11:41:08.605] [jointLog] [info] iteration = 400 | max rel diff. = 1.22925
[2020-11-20 11:41:14.613] [jointLog] [info] iteration = 500 | max rel diff. = 2.13444
[2020-11-20 11:41:20.462] [jointLog] [info] iteration = 600 | max rel diff. = 0.260395
[2020-11-20 11:41:26.289] [jointLog] [info] iteration = 700 | max rel diff. = 6.62133
[2020-11-20 11:41:32.043] [jointLog] [info] iteration = 800 | max rel diff. = 0.540747
[2020-11-20 11:41:38.002] [jointLog] [info] iteration = 900 | max rel diff. = 0.0644372
[2020-11-20 11:41:43.984] [jointLog] [info] iteration = 1,000 | max rel diff. = 0.150484
[2020-11-20 11:41:49.940] [jointLog] [info] iteration = 1,100 | max rel diff. = 0.150503
[2020-11-20 11:41:55.895] [jointLog] [info] iteration = 1,200 | max rel diff. = 0.508913
[2020-11-20 11:42:02.044] [jointLog] [info] iteration = 1,300 | max rel diff. = 2.62507
[2020-11-20 11:42:08.292] [jointLog] [info] iteration = 1,400 | max rel diff. = 0.0836431
[2020-11-20 11:42:14.195] [jointLog] [info] iteration = 1,500 | max rel diff. = 0.0547928
[2020-11-20 11:42:19.950] [jointLog] [info] iteration = 1,600 | max rel diff. = 0.0263478
[2020-11-20 11:42:25.679] [jointLog] [info] iteration = 1,700 | max rel diff. = 0.251653
[2020-11-20 11:42:31.728] [jointLog] [info] iteration = 1,800 | max rel diff. = 0.0536015
[2020-11-20 11:42:37.578] [jointLog] [info] iteration = 1,900 | max rel diff. = 0.327736
[2020-11-20 11:42:41.863] [jointLog] [info] iteration = 1,971 | max rel diff. = 0.00637144
[2020-11-20 11:42:41.887] [jointLog] [info] Finished optimizer
[2020-11-20 11:42:41.887] [jointLog] [info] writing output 

[2020-11-20 11:42:42.295] [jointLog] [warning] NOTE: Read Lib [[ data/ERR571495_1.fastq.gz, data/ERR571495_2.fastq.gz]] :

Detected a *potential* strand bias > 1% in an unstranded protocol check the file: quants/ERR571495/lib_format_counts.json for details

